# JRE version: OpenJDK Runtime Environment (7.0_75-b13) (build 1.7.0_75-b13)
# Java VM: OpenJDK 64-Bit Server VM (24.75-b04 mixed mode linux-amd64 compressed oops)
Heap
 PSYoungGen      total 134144K, used 5088K [0x00000007d6900000, 0x00000007df100000, 0x0000000800000000)
  eden space 129024K, 0% used [0x00000007d6900000,0x00000007d6900000,0x00000007de700000)
  from space 5120K, 99% used [0x00000007de700000,0x00000007debf8060,0x00000007dec00000)
  to   space 5120K, 0% used [0x00000007dec00000,0x00000007dec00000,0x00000007df100000)
 ParOldGen       total 84480K, used 34582K [0x0000000783c00000, 0x0000000788e80000, 0x00000007d6900000)
  object space 84480K, 40% used [0x0000000783c00000,0x0000000785dc59c8,0x0000000788e80000)
 PSPermGen       total 21504K, used 20684K [0x0000000779600000, 0x000000077ab00000, 0x0000000783c00000)
  object space 21504K, 96% used [0x0000000779600000,0x000000077aa33310,0x000000077ab00000)
GC Heap History (9 events):
Event: 1.613 GC heap before
{Heap before GC invocations=1 (full 0):
 PSYoungGen      total 37376K, used 32256K [0x00000007d6900000, 0x00000007d9280000, 0x0000000800000000)
  eden space 32256K, 100% used [0x00000007d6900000,0x00000007d8880000,0x00000007d8880000)
  from space 5120K, 0% used [0x00000007d8d80000,0x00000007d8d80000,0x00000007d9280000)
  to   space 5120K, 0% used [0x00000007d8880000,0x00000007d8880000,0x00000007d8d80000)
 ParOldGen       total 84480K, used 0K [0x0000000783c00000, 0x0000000788e80000, 0x00000007d6900000)
  object space 84480K, 0% used [0x0000000783c00000,0x0000000783c00000,0x0000000788e80000)
 PSPermGen       total 21504K, used 8523K [0x0000000779600000, 0x000000077ab00000, 0x0000000783c00000)
  object space 21504K, 39% used [0x0000000779600000,0x0000000779e52fa0,0x000000077ab00000)
Event: 1.641 GC heap after
Heap after GC invocations=1 (full 0):
 PSYoungGen      total 37376K, used 5106K [0x00000007d6900000, 0x00000007db200000, 0x0000000800000000)
  eden space 32256K, 0% used [0x00000007d6900000,0x00000007d6900000,0x00000007d8880000)
  from space 5120K, 99% used [0x00000007d8880000,0x00000007d8d7c9a0,0x00000007d8d80000)
  to   space 5120K, 0% used [0x00000007dad00000,0x00000007dad00000,0x00000007db200000)
 ParOldGen       total 84480K, used 1162K [0x0000000783c00000, 0x0000000788e80000, 0x00000007d6900000)
  object space 84480K, 1% used [0x0000000783c00000,0x0000000783d22bb0,0x0000000788e80000)
 PSPermGen       total 21504K, used 8523K [0x0000000779600000, 0x000000077ab00000, 0x0000000783c00000)
  object space 21504K, 39% used [0x0000000779600000,0x0000000779e52fa0,0x000000077ab00000)
}
Event: 2.489 GC heap before
{Heap before GC invocations=2 (full 0):
 PSYoungGen      total 37376K, used 37362K [0x00000007d6900000, 0x00000007db200000, 0x0000000800000000)
  eden space 32256K, 100% used [0x00000007d6900000,0x00000007d8880000,0x00000007d8880000)
  from space 5120K, 99% used [0x00000007d8880000,0x00000007d8d7c9a0,0x00000007d8d80000)
  to   space 5120K, 0% used [0x00000007dad00000,0x00000007dad00000,0x00000007db200000)
 ParOldGen       total 84480K, used 1162K [0x0000000783c00000, 0x0000000788e80000, 0x00000007d6900000)
  object space 84480K, 1% used [0x0000000783c00000,0x0000000783d22bb0,0x0000000788e80000)
 PSPermGen       total 21504K, used 10692K [0x0000000779600000, 0x000000077ab00000, 0x0000000783c00000)
  object space 21504K, 49% used [0x0000000779600000,0x000000077a071088,0x000000077ab00000)
Event: 2.503 GC heap after
Heap after GC invocations=2 (full 0):
 PSYoungGen      total 69632K, used 5044K [0x00000007d6900000, 0x00000007db200000, 0x0000000800000000)
  eden space 64512K, 0% used [0x00000007d6900000,0x00000007d6900000,0x00000007da800000)
  from space 5120K, 98% used [0x00000007dad00000,0x00000007db1ed320,0x00000007db200000)
  to   space 5120K, 0% used [0x00000007da800000,0x00000007da800000,0x00000007dad00000)
 ParOldGen       total 84480K, used 1162K [0x0000000783c00000, 0x0000000788e80000, 0x00000007d6900000)
  object space 84480K, 1% used [0x0000000783c00000,0x0000000783d22bb0,0x0000000788e80000)
 PSPermGen       total 21504K, used 10692K [0x0000000779600000, 0x000000077ab00000, 0x0000000783c00000)
  object space 21504K, 49% used [0x0000000779600000,0x000000077a071088,0x000000077ab00000)
}
Event: 6.568 GC heap before
{Heap before GC invocations=3 (full 0):
 PSYoungGen      total 69632K, used 69556K [0x00000007d6900000, 0x00000007db200000, 0x0000000800000000)
  eden space 64512K, 100% used [0x00000007d6900000,0x00000007da800000,0x00000007da800000)
  from space 5120K, 98% used [0x00000007dad00000,0x00000007db1ed320,0x00000007db200000)
  to   space 5120K, 0% used [0x00000007da800000,0x00000007da800000,0x00000007dad00000)
 ParOldGen       total 84480K, used 1162K [0x0000000783c00000, 0x0000000788e80000, 0x00000007d6900000)
  object space 84480K, 1% used [0x0000000783c00000,0x0000000783d22bb0,0x0000000788e80000)
 PSPermGen       total 21504K, used 11960K [0x0000000779600000, 0x000000077ab00000, 0x0000000783c00000)
  object space 21504K, 55% used [0x0000000779600000,0x000000077a1ae2c0,0x000000077ab00000)
Event: 6.647 GC heap after
Heap after GC invocations=3 (full 0):
 PSYoungGen      total 69632K, used 5099K [0x00000007d6900000, 0x00000007df100000, 0x0000000800000000)
  eden space 64512K, 0% used [0x00000007d6900000,0x00000007d6900000,0x00000007da800000)
  from space 5120K, 99% used [0x00000007da800000,0x00000007dacfadf0,0x00000007dad00000)
  to   space 5120K, 0% used [0x00000007dec00000,0x00000007dec00000,0x00000007df100000)
 ParOldGen       total 84480K, used 15439K [0x0000000783c00000, 0x0000000788e80000, 0x00000007d6900000)
  object space 84480K, 18% used [0x0000000783c00000,0x0000000784b13ee8,0x0000000788e80000)
 PSPermGen       total 21504K, used 11960K [0x0000000779600000, 0x000000077ab00000, 0x0000000783c00000)
  object space 21504K, 55% used [0x0000000779600000,0x000000077a1ae2c0,0x000000077ab00000)
}
Event: 8.239 GC heap before
{Heap before GC invocations=4 (full 0):
 PSYoungGen      total 69632K, used 69611K [0x00000007d6900000, 0x00000007df100000, 0x0000000800000000)
  eden space 64512K, 100% used [0x00000007d6900000,0x00000007da800000,0x00000007da800000)
  from space 5120K, 99% used [0x00000007da800000,0x00000007dacfadf0,0x00000007dad00000)
  to   space 5120K, 0% used [0x00000007dec00000,0x00000007dec00000,0x00000007df100000)
 ParOldGen       total 84480K, used 15439K [0x0000000783c00000, 0x0000000788e80000, 0x00000007d6900000)
  object space 84480K, 18% used [0x0000000783c00000,0x0000000784b13ee8,0x0000000788e80000)
 PSPermGen       total 21504K, used 17980K [0x0000000779600000, 0x000000077ab00000, 0x0000000783c00000)
  object space 21504K, 83% used [0x0000000779600000,0x000000077a78f0f0,0x000000077ab00000)
Event: 8.476 GC heap after
Heap after GC invocations=4 (full 0):
 PSYoungGen      total 134144K, used 5088K [0x00000007d6900000, 0x00000007df100000, 0x0000000800000000)
  eden space 129024K, 0% used [0x00000007d6900000,0x00000007d6900000,0x00000007de700000)
  from space 5120K, 99% used [0x00000007dec00000,0x00000007df0f8050,0x00000007df100000)
  to   space 5120K, 0% used [0x00000007de700000,0x00000007de700000,0x00000007dec00000)
 ParOldGen       total 84480K, used 25430K [0x0000000783c00000, 0x0000000788e80000, 0x00000007d6900000)
  object space 84480K, 30% used [0x0000000783c00000,0x00000007854d5a20,0x0000000788e80000)
 PSPermGen       total 21504K, used 17980K [0x0000000779600000, 0x000000077ab00000, 0x0000000783c00000)
  object space 21504K, 83% used [0x0000000779600000,0x000000077a78f0f0,0x000000077ab00000)
}
Event: 27.531 GC heap before
{Heap before GC invocations=5 (full 0):
 PSYoungGen      total 134144K, used 134112K [0x00000007d6900000, 0x00000007df100000, 0x0000000800000000)
  eden space 129024K, 100% used [0x00000007d6900000,0x00000007de700000,0x00000007de700000)
  from space 5120K, 99% used [0x00000007dec00000,0x00000007df0f8050,0x00000007df100000)
  to   space 5120K, 0% used [0x00000007de700000,0x00000007de700000,0x00000007dec00000)
 ParOldGen       total 84480K, used 25430K [0x0000000783c00000, 0x0000000788e80000, 0x00000007d6900000)
  object space 84480K, 30% used [0x0000000783c00000,0x00000007854d5a20,0x0000000788e80000)
 PSPermGen       total 21504K, used 20684K [0x0000000779600000, 0x000000077ab00000, 0x0000000783c00000)
  object space 21504K, 96% used [0x0000000779600000,0x000000077aa33310,0x000000077ab00000)

